android/build/app/intermediates/manifest_merge_blame_file/debug/manifest-merger-blame-debug-report.txt
1<?xml version="1.0" encoding="utf-8"?>
2<manifest xmlns:android="http://schemas.android.com/apk/res/android"
3    package="com.example.first_flutter"
4    android:versionCode="1"
5    android:versionName="1.0.0" >
6
7    <uses-sdk
8        android:minSdkVersion="21"
9        android:targetSdkVersion="28" />
10    <!--
11         Flutter needs it to communicate with the running application
12         to allow setting breakpoints, to provide hot reload, etc.
13    -->
14    <uses-permission android:name="android.permission.INTERNET" />
14-->src\main\AndroidManifest.xml:8:8-69
14-->src\main\AndroidManifest.xml:8:25-67
15    <uses-permission android:name="android.permission.ACCESS_NETWORK_STATE" />
15-->[com.google.android.gms:play-services-measurement:17.2.2] AndroidManifest.xml:24:5-79
15-->[com.google.android.gms:play-services-measurement:17.2.2] AndroidManifest.xml:24:22-76
16    <uses-permission android:name="android.permission.WAKE_LOCK" />
16-->[com.google.android.gms:play-services-measurement:17.2.2] AndroidManifest.xml:25:5-68
16-->[com.google.android.gms:play-services-measurement:17.2.2] AndroidManifest.xml:25:22-65
17    <uses-permission android:name="com.google.android.finsky.permission.BIND_GET_INSTALL_REFERRER_SERVICE" /> <!-- Required by older versions of Google Play services to create IID tokens -->
17-->[com.google.android.gms:play-services-measurement:17.2.2] AndroidManifest.xml:26:5-110
17-->[com.google.android.gms:play-services-measurement:17.2.2] AndroidManifest.xml:26:22-107
18    <uses-permission android:name="com.google.android.c2dm.permission.RECEIVE" />
18-->[com.google.firebase:firebase-iid:20.0.2] AndroidManifest.xml:26:5-82
18-->[com.google.firebase:firebase-iid:20.0.2] AndroidManifest.xml:26:22-79
19    <!--
20 io.flutter.app.FlutterApplication is an android.app.Application that
21         calls FlutterMain.startInitialization(this); in its onCreate method.
22         In most cases you can leave this as-is, but you if you want to provide
23         additional functionality it is fine to subclass or reimplement
24         FlutterApplication and put your custom class here.
25    -->
26    <application
26-->src\main\AndroidManifest.xml:15:5-60:19
27        android:name="io.flutter.app.FlutterApplication"
27-->src\main\AndroidManifest.xml:16:9-57
28        android:appComponentFactory="androidx.core.app.CoreComponentFactory"
28-->[androidx.core:core:1.1.0] AndroidManifest.xml:24:18-86
29        android:debuggable="true"
30        android:icon="@mipmap/ic_launcher"
30-->src\main\AndroidManifest.xml:18:9-43
31        android:label="first_flutter"
31-->src\main\AndroidManifest.xml:17:9-38
32        android:supportsRtl="true" >
32-->[com.facebook.android:facebook-android-sdk:5.15.3] AndroidManifest.xml:28:18-44
33        <activity
33-->src\main\AndroidManifest.xml:19:9-37:20
34            android:name="com.example.first_flutter.MainActivity"
34-->src\main\AndroidManifest.xml:20:13-41
35            android:configChanges="orientation|keyboardHidden|keyboard|screenSize|locale|layoutDirection|fontScale|screenLayout|density"
35-->src\main\AndroidManifest.xml:23:13-137
36            android:hardwareAccelerated="true"
36-->src\main\AndroidManifest.xml:24:13-47
37            android:launchMode="singleTop"
37-->src\main\AndroidManifest.xml:21:13-43
38            android:theme="@style/LaunchTheme"
38-->src\main\AndroidManifest.xml:22:13-47
39            android:windowSoftInputMode="adjustResize" >
39-->src\main\AndroidManifest.xml:25:13-55
40
41            <!--
42                 This keeps the window background of the activity showing
43                 until Flutter renders its first frame. It can be removed if
44                 there is no splash screen (such as the default splash screen
45                 defined in @style/LaunchTheme).
46            -->
47            <meta-data
47-->src\main\AndroidManifest.xml:30:13-32:40
48                android:name="io.flutter.app.android.SplashScreenUntilFirstFrame"
48-->src\main\AndroidManifest.xml:31:17-82
49                android:value="true" />
49-->src\main\AndroidManifest.xml:32:17-37
50
51            <intent-filter>
51-->src\main\AndroidManifest.xml:33:13-36:29
52                <action android:name="android.intent.action.MAIN" />
52-->src\main\AndroidManifest.xml:34:17-68
52-->src\main\AndroidManifest.xml:34:25-66
53
54                <category android:name="android.intent.category.LAUNCHER" />
54-->src\main\AndroidManifest.xml:35:17-76
54-->src\main\AndroidManifest.xml:35:27-74
55            </intent-filter>
56        </activity>
57
58        <!-- Facebook Login configuration -->
59        <meta-data
59-->src\main\AndroidManifest.xml:40:9-41:54
60            android:name="com.facebook.sdk.ApplicationId"
60-->src\main\AndroidManifest.xml:40:20-65
61            android:value="@string/facebook_app_id" />
61-->src\main\AndroidManifest.xml:41:13-52
62
63        <activity
63-->src\main\AndroidManifest.xml:43:9-48:15
64            android:name="com.facebook.FacebookActivity"
64-->src\main\AndroidManifest.xml:43:19-63
65            android:configChanges="keyboard|keyboardHidden|screenLayout|screenSize|orientation"
65-->src\main\AndroidManifest.xml:44:13-114
66            android:exported="true"
66-->src\main\AndroidManifest.xml:47:13-36
67            android:label="@string/app_name"
67-->src\main\AndroidManifest.xml:46:13-45
68            android:theme="@style/com_facebook_activity_theme" />
68-->[com.facebook.android:facebook-common:5.15.3] AndroidManifest.xml:33:13-63
69        <activity
69-->src\main\AndroidManifest.xml:49:9-58:20
70            android:name="com.facebook.CustomTabActivity"
70-->src\main\AndroidManifest.xml:50:13-58
71            android:exported="true" >
71-->src\main\AndroidManifest.xml:51:13-36
72            <intent-filter>
72-->src\main\AndroidManifest.xml:52:13-57:29
73                <action android:name="android.intent.action.VIEW" />
73-->src\main\AndroidManifest.xml:53:17-69
73-->src\main\AndroidManifest.xml:53:25-66
74
75                <category android:name="android.intent.category.DEFAULT" />
75-->src\main\AndroidManifest.xml:54:17-76
75-->src\main\AndroidManifest.xml:54:27-73
76                <category android:name="android.intent.category.BROWSABLE" />
76-->src\main\AndroidManifest.xml:55:17-78
76-->src\main\AndroidManifest.xml:55:27-75
77
78                <data android:scheme="@string/fb_login_protocol_scheme" />
78-->src\main\AndroidManifest.xml:56:17-75
78-->src\main\AndroidManifest.xml:56:23-72
79            </intent-filter>
80            <intent-filter>
80-->[com.facebook.android:facebook-common:5.15.3] AndroidManifest.xml:39:13-48:29
81                <action android:name="android.intent.action.VIEW" />
81-->src\main\AndroidManifest.xml:53:17-69
81-->src\main\AndroidManifest.xml:53:25-66
82
83                <category android:name="android.intent.category.DEFAULT" />
83-->src\main\AndroidManifest.xml:54:17-76
83-->src\main\AndroidManifest.xml:54:27-73
84                <category android:name="android.intent.category.BROWSABLE" />
84-->src\main\AndroidManifest.xml:55:17-78
84-->src\main\AndroidManifest.xml:55:27-75
85
86                <data
86-->src\main\AndroidManifest.xml:56:17-75
87                    android:host="cct.com.example.first_flutter"
88                    android:scheme="fbconnect" />
88-->src\main\AndroidManifest.xml:56:23-72
89            </intent-filter>
90        </activity>
91
92        <service
92-->[:firebase_auth] AndroidManifest.xml:8:9-12:19
93            android:name="com.google.firebase.components.ComponentDiscoveryService"
93-->[:firebase_auth] AndroidManifest.xml:8:18-89
94            android:directBootAware="true"
94-->[com.google.firebase:firebase-common:19.3.0] AndroidManifest.xml:34:13-43
95            android:exported="false" >
95-->[com.google.firebase:firebase-auth:19.2.0] AndroidManifest.xml:35:13-37
96            <meta-data
96-->[:firebase_auth] AndroidManifest.xml:9:13-11:85
97                android:name="com.google.firebase.components:io.flutter.plugins.firebaseauth.FlutterFirebaseAppRegistrar"
97-->[:firebase_auth] AndroidManifest.xml:10:17-122
98                android:value="com.google.firebase.components.ComponentRegistrar" />
98-->[:firebase_auth] AndroidManifest.xml:11:17-82
99            <meta-data
99-->[:cloud_firestore] AndroidManifest.xml:9:13-11:85
100                android:name="com.google.firebase.components:io.flutter.plugins.firebase.cloudfirestore.FlutterFirebaseAppRegistrar"
100-->[:cloud_firestore] AndroidManifest.xml:10:17-133
101                android:value="com.google.firebase.components.ComponentRegistrar" />
101-->[:cloud_firestore] AndroidManifest.xml:11:17-82
102            <meta-data
102-->[:firebase_core] AndroidManifest.xml:9:13-11:85
103                android:name="com.google.firebase.components:io.flutter.plugins.firebase.core.FlutterFirebaseAppRegistrar"
103-->[:firebase_core] AndroidManifest.xml:10:17-123
104                android:value="com.google.firebase.components.ComponentRegistrar" />
104-->[:firebase_core] AndroidManifest.xml:11:17-82
105            <meta-data
105-->[com.google.firebase:firebase-auth:19.2.0] AndroidManifest.xml:36:13-38:85
106                android:name="com.google.firebase.components:com.google.firebase.auth.FirebaseAuthRegistrar"
106-->[com.google.firebase:firebase-auth:19.2.0] AndroidManifest.xml:37:17-109
107                android:value="com.google.firebase.components.ComponentRegistrar" />
107-->[com.google.firebase:firebase-auth:19.2.0] AndroidManifest.xml:38:17-82
108            <meta-data
108-->[com.google.android.gms:play-services-measurement-api:17.2.2] AndroidManifest.xml:30:13-32:85
109                android:name="com.google.firebase.components:com.google.firebase.analytics.connector.internal.AnalyticsConnectorRegistrar"
109-->[com.google.android.gms:play-services-measurement-api:17.2.2] AndroidManifest.xml:31:17-139
110                android:value="com.google.firebase.components.ComponentRegistrar" />
110-->[com.google.android.gms:play-services-measurement-api:17.2.2] AndroidManifest.xml:32:17-82
111            <meta-data
111-->[com.google.firebase:firebase-firestore:21.3.0] AndroidManifest.xml:20:13-22:85
112                android:name="com.google.firebase.components:com.google.firebase.firestore.FirestoreRegistrar"
112-->[com.google.firebase:firebase-firestore:21.3.0] AndroidManifest.xml:21:17-111
113                android:value="com.google.firebase.components.ComponentRegistrar" />
113-->[com.google.firebase:firebase-firestore:21.3.0] AndroidManifest.xml:22:17-82
114            <meta-data
114-->[com.google.firebase:firebase-iid:20.0.2] AndroidManifest.xml:32:13-34:85
115                android:name="com.google.firebase.components:com.google.firebase.iid.Registrar"
115-->[com.google.firebase:firebase-iid:20.0.2] AndroidManifest.xml:33:17-96
116                android:value="com.google.firebase.components.ComponentRegistrar" />
116-->[com.google.firebase:firebase-iid:20.0.2] AndroidManifest.xml:34:17-82
117        </service>
118
119        <activity
119-->[com.google.firebase:firebase-auth:19.2.0] AndroidManifest.xml:24:9-31:50
120            android:name="com.google.firebase.auth.internal.FederatedSignInActivity"
120-->[com.google.firebase:firebase-auth:19.2.0] AndroidManifest.xml:25:13-85
121            android:excludeFromRecents="true"
121-->[com.google.firebase:firebase-auth:19.2.0] AndroidManifest.xml:26:13-46
122            android:exported="true"
122-->[com.google.firebase:firebase-auth:19.2.0] AndroidManifest.xml:27:13-36
123            android:launchMode="singleTask"
123-->[com.google.firebase:firebase-auth:19.2.0] AndroidManifest.xml:28:13-44
124            android:permission="com.google.firebase.auth.api.gms.permission.LAUNCH_FEDERATED_SIGN_IN"
124-->[com.google.firebase:firebase-auth:19.2.0] AndroidManifest.xml:29:13-102
125            android:theme="@android:style/Theme.Translucent.NoTitleBar" />
125-->[com.google.firebase:firebase-auth:19.2.0] AndroidManifest.xml:30:13-72
126
127        <receiver
127-->[com.google.android.gms:play-services-measurement:17.2.2] AndroidManifest.xml:29:9-33:20
128            android:name="com.google.android.gms.measurement.AppMeasurementReceiver"
128-->[com.google.android.gms:play-services-measurement:17.2.2] AndroidManifest.xml:30:13-85
129            android:enabled="true"
129-->[com.google.android.gms:play-services-measurement:17.2.2] AndroidManifest.xml:31:13-35
130            android:exported="false" >
130-->[com.google.android.gms:play-services-measurement:17.2.2] AndroidManifest.xml:32:13-37
131        </receiver>
132        <receiver
132-->[com.google.android.gms:play-services-measurement:17.2.2] AndroidManifest.xml:34:9-42:20
133            android:name="com.google.android.gms.measurement.AppMeasurementInstallReferrerReceiver"
133-->[com.google.android.gms:play-services-measurement:17.2.2] AndroidManifest.xml:35:13-100
134            android:enabled="true"
134-->[com.google.android.gms:play-services-measurement:17.2.2] AndroidManifest.xml:36:13-35
135            android:exported="true"
135-->[com.google.android.gms:play-services-measurement:17.2.2] AndroidManifest.xml:37:13-36
136            android:permission="android.permission.INSTALL_PACKAGES" >
136-->[com.google.android.gms:play-services-measurement:17.2.2] AndroidManifest.xml:38:13-69
137            <intent-filter>
137-->[com.google.android.gms:play-services-measurement:17.2.2] AndroidManifest.xml:39:13-41:29
138                <action android:name="com.android.vending.INSTALL_REFERRER" />
138-->[com.google.android.gms:play-services-measurement:17.2.2] AndroidManifest.xml:40:17-79
138-->[com.google.android.gms:play-services-measurement:17.2.2] AndroidManifest.xml:40:25-76
139            </intent-filter>
140        </receiver>
141
142        <service
142-->[com.google.android.gms:play-services-measurement:17.2.2] AndroidManifest.xml:44:9-47:40
143            android:name="com.google.android.gms.measurement.AppMeasurementService"
143-->[com.google.android.gms:play-services-measurement:17.2.2] AndroidManifest.xml:45:13-84
144            android:enabled="true"
144-->[com.google.android.gms:play-services-measurement:17.2.2] AndroidManifest.xml:46:13-35
145            android:exported="false" />
145-->[com.google.android.gms:play-services-measurement:17.2.2] AndroidManifest.xml:47:13-37
146        <service
146-->[com.google.android.gms:play-services-measurement:17.2.2] AndroidManifest.xml:48:9-52:72
147            android:name="com.google.android.gms.measurement.AppMeasurementJobService"
147-->[com.google.android.gms:play-services-measurement:17.2.2] AndroidManifest.xml:49:13-87
148            android:enabled="true"
148-->[com.google.android.gms:play-services-measurement:17.2.2] AndroidManifest.xml:50:13-35
149            android:exported="false"
149-->[com.google.android.gms:play-services-measurement:17.2.2] AndroidManifest.xml:51:13-37
150            android:permission="android.permission.BIND_JOB_SERVICE" />
150-->[com.google.android.gms:play-services-measurement:17.2.2] AndroidManifest.xml:52:13-69
151
152        <receiver
152-->[com.google.firebase:firebase-iid:20.0.2] AndroidManifest.xml:37:9-44:20
153            android:name="com.google.firebase.iid.FirebaseInstanceIdReceiver"
153-->[com.google.firebase:firebase-iid:20.0.2] AndroidManifest.xml:38:13-78
154            android:exported="true"
154-->[com.google.firebase:firebase-iid:20.0.2] AndroidManifest.xml:39:13-36
155            android:permission="com.google.android.c2dm.permission.SEND" >
155-->[com.google.firebase:firebase-iid:20.0.2] AndroidManifest.xml:40:13-73
156            <intent-filter>
156-->[com.google.firebase:firebase-iid:20.0.2] AndroidManifest.xml:41:13-43:29
157                <action android:name="com.google.android.c2dm.intent.RECEIVE" />
157-->[com.google.firebase:firebase-iid:20.0.2] AndroidManifest.xml:42:17-81
157-->[com.google.firebase:firebase-iid:20.0.2] AndroidManifest.xml:42:25-78
158            </intent-filter>
159        </receiver>
160
161        <provider
161-->[com.google.firebase:firebase-common:19.3.0] AndroidManifest.xml:26:9-30:39
162            android:name="com.google.firebase.provider.FirebaseInitProvider"
162-->[com.google.firebase:firebase-common:19.3.0] AndroidManifest.xml:27:13-77
163            android:authorities="com.example.first_flutter.firebaseinitprovider"
163-->[com.google.firebase:firebase-common:19.3.0] AndroidManifest.xml:28:13-72
164            android:exported="false"
164-->[com.google.firebase:firebase-common:19.3.0] AndroidManifest.xml:29:13-37
165            android:initOrder="100" />
165-->[com.google.firebase:firebase-common:19.3.0] AndroidManifest.xml:30:13-36
166
167        <activity
167-->[com.google.android.gms:play-services-base:17.1.0] AndroidManifest.xml:23:9-26:75
168            android:name="com.google.android.gms.common.api.GoogleApiActivity"
168-->[com.google.android.gms:play-services-base:17.1.0] AndroidManifest.xml:24:13-79
169            android:exported="false"
169-->[com.google.android.gms:play-services-base:17.1.0] AndroidManifest.xml:25:13-37
170            android:theme="@android:style/Theme.Translucent.NoTitleBar" />
170-->[com.google.android.gms:play-services-base:17.1.0] AndroidManifest.xml:26:13-72
171
172        <meta-data
172-->[com.google.android.gms:play-services-basement:17.0.0] AndroidManifest.xml:23:9-25:69
173            android:name="com.google.android.gms.version"
173-->[com.google.android.gms:play-services-basement:17.0.0] AndroidManifest.xml:24:13-58
174            android:value="@integer/google_play_services_version" />
174-->[com.google.android.gms:play-services-basement:17.0.0] AndroidManifest.xml:25:13-66
175
176        <activity android:name="com.facebook.CustomTabMainActivity" />
176-->[com.facebook.android:facebook-common:5.15.3] AndroidManifest.xml:34:9-71
176-->[com.facebook.android:facebook-common:5.15.3] AndroidManifest.xml:34:19-68
177        <!--
178         The initialization ContentProvider will call FacebookSdk.sdkInitialize automatically
179         with the application context. This config is merged in with the host app's manifest,
180         but there can only be one provider with the same authority activated at any given
181         point; so if the end user has two or more different apps that use Facebook SDK, only the
182         first one will be able to use the provider. To work around this problem, we use the
183         following placeholder in the authority to identify each host application as if it was
184         a completely different provider.
185        -->
186        <provider
186-->[com.facebook.android:facebook-core:5.15.3] AndroidManifest.xml:39:9-42:40
187            android:name="com.facebook.internal.FacebookInitProvider"
187-->[com.facebook.android:facebook-core:5.15.3] AndroidManifest.xml:40:13-70
188            android:authorities="com.example.first_flutter.FacebookInitProvider"
188-->[com.facebook.android:facebook-core:5.15.3] AndroidManifest.xml:41:13-72
189            android:exported="false" />
189-->[com.facebook.android:facebook-core:5.15.3] AndroidManifest.xml:42:13-37
190
191        <receiver
191-->[com.facebook.android:facebook-core:5.15.3] AndroidManifest.xml:44:9-50:20
192            android:name="com.facebook.CurrentAccessTokenExpirationBroadcastReceiver"
192-->[com.facebook.android:facebook-core:5.15.3] AndroidManifest.xml:45:13-86
193            android:exported="false" >
193-->[com.facebook.android:facebook-core:5.15.3] AndroidManifest.xml:46:13-37
194            <intent-filter>
194-->[com.facebook.android:facebook-core:5.15.3] AndroidManifest.xml:47:13-49:29
195                <action android:name="com.facebook.sdk.ACTION_CURRENT_ACCESS_TOKEN_CHANGED" />
195-->[com.facebook.android:facebook-core:5.15.3] AndroidManifest.xml:48:17-95
195-->[com.facebook.android:facebook-core:5.15.3] AndroidManifest.xml:48:25-92
196            </intent-filter>
197        </receiver>
198    </application>
199
200</manifest>